  [1m[36mActiveRecord::SchemaMigration Load (25.4ms)[0m  [1mSELECT "schema_migrations".* FROM "schema_migrations"[0m
  [1m[35mActiveRecord::SchemaMigration Load (0.1ms)[0m  SELECT "schema_migrations".* FROM "schema_migrations"
  [1m[36m (4.0ms)[0m  [1mSELECT t2.oid::regclass::text AS to_table, a1.attname AS column, a2.attname AS primary_key, c.conname AS name, c.confupdtype AS on_update, c.confdeltype AS on_delete
FROM pg_constraint c
JOIN pg_class t1 ON c.conrelid = t1.oid
JOIN pg_class t2 ON c.confrelid = t2.oid
JOIN pg_attribute a1 ON a1.attnum = c.conkey[1] AND a1.attrelid = t1.oid
JOIN pg_attribute a2 ON a2.attnum = c.confkey[1] AND a2.attrelid = t2.oid
JOIN pg_namespace t3 ON c.connamespace = t3.oid
WHERE c.contype = 'f'
  AND t1.relname = 'fighters'
  AND t3.nspname = ANY (current_schemas(false))
ORDER BY c.conname
[0m
  [1m[35m (2.0ms)[0m  SELECT t2.oid::regclass::text AS to_table, a1.attname AS column, a2.attname AS primary_key, c.conname AS name, c.confupdtype AS on_update, c.confdeltype AS on_delete
FROM pg_constraint c
JOIN pg_class t1 ON c.conrelid = t1.oid
JOIN pg_class t2 ON c.confrelid = t2.oid
JOIN pg_attribute a1 ON a1.attnum = c.conkey[1] AND a1.attrelid = t1.oid
JOIN pg_attribute a2 ON a2.attnum = c.confkey[1] AND a2.attrelid = t2.oid
JOIN pg_namespace t3 ON c.connamespace = t3.oid
WHERE c.contype = 'f'
  AND t1.relname = 'fights'
  AND t3.nspname = ANY (current_schemas(false))
ORDER BY c.conname

  [1m[36m (1.8ms)[0m  [1mSELECT t2.oid::regclass::text AS to_table, a1.attname AS column, a2.attname AS primary_key, c.conname AS name, c.confupdtype AS on_update, c.confdeltype AS on_delete
FROM pg_constraint c
JOIN pg_class t1 ON c.conrelid = t1.oid
JOIN pg_class t2 ON c.confrelid = t2.oid
JOIN pg_attribute a1 ON a1.attnum = c.conkey[1] AND a1.attrelid = t1.oid
JOIN pg_attribute a2 ON a2.attnum = c.confkey[1] AND a2.attrelid = t2.oid
JOIN pg_namespace t3 ON c.connamespace = t3.oid
WHERE c.contype = 'f'
  AND t1.relname = 'subscriptions'
  AND t3.nspname = ANY (current_schemas(false))
ORDER BY c.conname
[0m
  [1m[35m (1.6ms)[0m  SELECT t2.oid::regclass::text AS to_table, a1.attname AS column, a2.attname AS primary_key, c.conname AS name, c.confupdtype AS on_update, c.confdeltype AS on_delete
FROM pg_constraint c
JOIN pg_class t1 ON c.conrelid = t1.oid
JOIN pg_class t2 ON c.confrelid = t2.oid
JOIN pg_attribute a1 ON a1.attnum = c.conkey[1] AND a1.attrelid = t1.oid
JOIN pg_attribute a2 ON a2.attnum = c.confkey[1] AND a2.attrelid = t2.oid
JOIN pg_namespace t3 ON c.connamespace = t3.oid
WHERE c.contype = 'f'
  AND t1.relname = 'users'
  AND t3.nspname = ANY (current_schemas(false))
ORDER BY c.conname

  [1m[36m (1.6ms)[0m  [1mSELECT t2.oid::regclass::text AS to_table, a1.attname AS column, a2.attname AS primary_key, c.conname AS name, c.confupdtype AS on_update, c.confdeltype AS on_delete
FROM pg_constraint c
JOIN pg_class t1 ON c.conrelid = t1.oid
JOIN pg_class t2 ON c.confrelid = t2.oid
JOIN pg_attribute a1 ON a1.attnum = c.conkey[1] AND a1.attrelid = t1.oid
JOIN pg_attribute a2 ON a2.attnum = c.confkey[1] AND a2.attrelid = t2.oid
JOIN pg_namespace t3 ON c.connamespace = t3.oid
WHERE c.contype = 'f'
  AND t1.relname = 'votes'
  AND t3.nspname = ANY (current_schemas(false))
ORDER BY c.conname
[0m
  [1m[35m (1.7ms)[0m  SELECT t2.oid::regclass::text AS to_table, a1.attname AS column, a2.attname AS primary_key, c.conname AS name, c.confupdtype AS on_update, c.confdeltype AS on_delete
FROM pg_constraint c
JOIN pg_class t1 ON c.conrelid = t1.oid
JOIN pg_class t2 ON c.confrelid = t2.oid
JOIN pg_attribute a1 ON a1.attnum = c.conkey[1] AND a1.attrelid = t1.oid
JOIN pg_attribute a2 ON a2.attnum = c.confkey[1] AND a2.attrelid = t2.oid
JOIN pg_namespace t3 ON c.connamespace = t3.oid
WHERE c.contype = 'f'
  AND t1.relname = 'widgets'
  AND t3.nspname = ANY (current_schemas(false))
ORDER BY c.conname



Started GET "/" for ::1 at 2017-12-29 11:48:35 +0200
  [1m[36mActiveRecord::SchemaMigration Load (1.0ms)[0m  [1mSELECT "schema_migrations".* FROM "schema_migrations"[0m
Processing by FightsController#index as HTML
  [1m[35mFight Load (23.2ms)[0m  SELECT  "fights".* FROM "fights"  ORDER BY "fights"."upvotes" DESC, upvotes DESC, RANDOM() LIMIT 50
  [1m[36mFighter Load (1.9ms)[0m  [1mSELECT "fighters".* FROM "fighters"[0m
  Rendered fights/index.html.erb within layouts/application (155.0ms)
Completed 200 OK in 228ms (Views: 163.9ms | ActiveRecord: 29.4ms)


Started GET "/fights/get_fights?division=None&superfights=true&the_fighter=" for ::1 at 2017-12-29 11:48:42 +0200
Processing by FightsController#get_fights as HTML
  Parameters: {"division"=>"None", "superfights"=>"true", "the_fighter"=>""}
  [1m[35mFight Load (2.2ms)[0m  SELECT "fights".* FROM "fights" WHERE (division = 'Superfight')  ORDER BY "fights"."upvotes" DESC, upvotes DESC, RANDOM()
Completed 200 OK in 8ms (Views: 3.4ms | ActiveRecord: 2.2ms)


Started GET "/fights/get_fights?division=Featherweight&superfights=false&the_fighter=" for ::1 at 2017-12-29 11:48:43 +0200
Processing by FightsController#get_fights as HTML
  Parameters: {"division"=>"Featherweight", "superfights"=>"false", "the_fighter"=>""}
  [1m[36mFight Load (0.5ms)[0m  [1mSELECT "fights".* FROM "fights" WHERE "fights"."division" = $1  ORDER BY "fights"."upvotes" DESC, upvotes DESC, RANDOM()[0m  [["division", "Featherweight"]]
Completed 200 OK in 55ms (Views: 40.9ms | ActiveRecord: 0.7ms)


Started GET "/fights/get_fights?division=Popular&superfights=false&the_fighter=" for ::1 at 2017-12-29 11:48:45 +0200
Processing by FightsController#get_fights as HTML
  Parameters: {"division"=>"Popular", "superfights"=>"false", "the_fighter"=>""}
  [1m[35mFight Load (1.0ms)[0m  SELECT  "fights".* FROM "fights"  ORDER BY "fights"."upvotes" DESC, upvotes DESC, RANDOM() LIMIT 50
Completed 200 OK in 36ms (Views: 30.6ms | ActiveRecord: 1.0ms)
